<?xml version="1.0" encoding="UTF-8"?>
<testsuite xmlns:xsi="http://www.w3.org/2001/XMLSchema-instance" xsi:noNamespaceSchemaLocation="https://maven.apache.org/surefire/maven-surefire-plugin/xsd/surefire-test-report.xsd" version="3.0.2" name="com.simsimbookstore.accountserver.AccountServerApplicationTests" time="2.649" tests="1" errors="0" skipped="0" failures="0">
  <properties>
    <property name="java.specification.version" value="21"/>
    <property name="sun.jnu.encoding" value="UTF-8"/>
    <property name="java.class.path" value="/Users/jeseungwook/Documents/wook/NHN/final/account-server/target/test-classes:/Users/jeseungwook/Documents/wook/NHN/final/account-server/target/classes:/Users/jeseungwook/.m2/repository/org/springframework/boot/spring-boot-starter-oauth2-client/3.4.0/spring-boot-starter-oauth2-client-3.4.0.jar:/Users/jeseungwook/.m2/repository/org/springframework/boot/spring-boot-starter/3.4.0/spring-boot-starter-3.4.0.jar:/Users/jeseungwook/.m2/repository/org/springframework/boot/spring-boot-starter-logging/3.4.0/spring-boot-starter-logging-3.4.0.jar:/Users/jeseungwook/.m2/repository/ch/qos/logback/logback-classic/1.5.12/logback-classic-1.5.12.jar:/Users/jeseungwook/.m2/repository/ch/qos/logback/logback-core/1.5.12/logback-core-1.5.12.jar:/Users/jeseungwook/.m2/repository/org/apache/logging/log4j/log4j-to-slf4j/2.24.1/log4j-to-slf4j-2.24.1.jar:/Users/jeseungwook/.m2/repository/org/apache/logging/log4j/log4j-api/2.24.1/log4j-api-2.24.1.jar:/Users/jeseungwook/.m2/repository/org/slf4j/jul-to-slf4j/2.0.16/jul-to-slf4j-2.0.16.jar:/Users/jeseungwook/.m2/repository/jakarta/annotation/jakarta.annotation-api/2.1.1/jakarta.annotation-api-2.1.1.jar:/Users/jeseungwook/.m2/repository/org/yaml/snakeyaml/2.3/snakeyaml-2.3.jar:/Users/jeseungwook/.m2/repository/org/springframework/security/spring-security-config/6.4.1/spring-security-config-6.4.1.jar:/Users/jeseungwook/.m2/repository/org/springframework/spring-beans/6.2.0/spring-beans-6.2.0.jar:/Users/jeseungwook/.m2/repository/org/springframework/spring-context/6.2.0/spring-context-6.2.0.jar:/Users/jeseungwook/.m2/repository/org/springframework/security/spring-security-core/6.4.1/spring-security-core-6.4.1.jar:/Users/jeseungwook/.m2/repository/org/springframework/security/spring-security-crypto/6.4.1/spring-security-crypto-6.4.1.jar:/Users/jeseungwook/.m2/repository/org/springframework/spring-expression/6.2.0/spring-expression-6.2.0.jar:/Users/jeseungwook/.m2/repository/io/micrometer/micrometer-observation/1.14.1/micrometer-observation-1.14.1.jar:/Users/jeseungwook/.m2/repository/io/micrometer/micrometer-commons/1.14.1/micrometer-commons-1.14.1.jar:/Users/jeseungwook/.m2/repository/org/springframework/security/spring-security-oauth2-client/6.4.1/spring-security-oauth2-client-6.4.1.jar:/Users/jeseungwook/.m2/repository/org/springframework/security/spring-security-oauth2-core/6.4.1/spring-security-oauth2-core-6.4.1.jar:/Users/jeseungwook/.m2/repository/com/nimbusds/oauth2-oidc-sdk/9.43.4/oauth2-oidc-sdk-9.43.4.jar:/Users/jeseungwook/.m2/repository/com/github/stephenc/jcip/jcip-annotations/1.0-1/jcip-annotations-1.0-1.jar:/Users/jeseungwook/.m2/repository/com/nimbusds/content-type/2.2/content-type-2.2.jar:/Users/jeseungwook/.m2/repository/com/nimbusds/lang-tag/1.7/lang-tag-1.7.jar:/Users/jeseungwook/.m2/repository/org/springframework/security/spring-security-oauth2-jose/6.4.1/spring-security-oauth2-jose-6.4.1.jar:/Users/jeseungwook/.m2/repository/com/nimbusds/nimbus-jose-jwt/9.37.3/nimbus-jose-jwt-9.37.3.jar:/Users/jeseungwook/.m2/repository/org/springframework/boot/spring-boot-starter-security/3.4.0/spring-boot-starter-security-3.4.0.jar:/Users/jeseungwook/.m2/repository/org/springframework/spring-aop/6.2.0/spring-aop-6.2.0.jar:/Users/jeseungwook/.m2/repository/org/springframework/security/spring-security-web/6.4.1/spring-security-web-6.4.1.jar:/Users/jeseungwook/.m2/repository/org/springframework/boot/spring-boot-starter-validation/3.4.0/spring-boot-starter-validation-3.4.0.jar:/Users/jeseungwook/.m2/repository/org/apache/tomcat/embed/tomcat-embed-el/10.1.33/tomcat-embed-el-10.1.33.jar:/Users/jeseungwook/.m2/repository/org/hibernate/validator/hibernate-validator/8.0.1.Final/hibernate-validator-8.0.1.Final.jar:/Users/jeseungwook/.m2/repository/jakarta/validation/jakarta.validation-api/3.0.2/jakarta.validation-api-3.0.2.jar:/Users/jeseungwook/.m2/repository/org/jboss/logging/jboss-logging/3.6.1.Final/jboss-logging-3.6.1.Final.jar:/Users/jeseungwook/.m2/repository/com/fasterxml/classmate/1.7.0/classmate-1.7.0.jar:/Users/jeseungwook/.m2/repository/org/springframework/boot/spring-boot-devtools/3.4.0/spring-boot-devtools-3.4.0.jar:/Users/jeseungwook/.m2/repository/org/springframework/boot/spring-boot/3.4.0/spring-boot-3.4.0.jar:/Users/jeseungwook/.m2/repository/org/springframework/boot/spring-boot-autoconfigure/3.4.0/spring-boot-autoconfigure-3.4.0.jar:/Users/jeseungwook/.m2/repository/com/h2database/h2/2.3.232/h2-2.3.232.jar:/Users/jeseungwook/.m2/repository/org/projectlombok/lombok/1.18.36/lombok-1.18.36.jar:/Users/jeseungwook/.m2/repository/org/springframework/boot/spring-boot-starter-test/3.4.0/spring-boot-starter-test-3.4.0.jar:/Users/jeseungwook/.m2/repository/org/springframework/boot/spring-boot-test/3.4.0/spring-boot-test-3.4.0.jar:/Users/jeseungwook/.m2/repository/org/springframework/boot/spring-boot-test-autoconfigure/3.4.0/spring-boot-test-autoconfigure-3.4.0.jar:/Users/jeseungwook/.m2/repository/com/jayway/jsonpath/json-path/2.9.0/json-path-2.9.0.jar:/Users/jeseungwook/.m2/repository/org/slf4j/slf4j-api/2.0.16/slf4j-api-2.0.16.jar:/Users/jeseungwook/.m2/repository/jakarta/xml/bind/jakarta.xml.bind-api/4.0.2/jakarta.xml.bind-api-4.0.2.jar:/Users/jeseungwook/.m2/repository/jakarta/activation/jakarta.activation-api/2.1.3/jakarta.activation-api-2.1.3.jar:/Users/jeseungwook/.m2/repository/net/minidev/json-smart/2.5.1/json-smart-2.5.1.jar:/Users/jeseungwook/.m2/repository/net/minidev/accessors-smart/2.5.1/accessors-smart-2.5.1.jar:/Users/jeseungwook/.m2/repository/org/ow2/asm/asm/9.6/asm-9.6.jar:/Users/jeseungwook/.m2/repository/org/assertj/assertj-core/3.26.3/assertj-core-3.26.3.jar:/Users/jeseungwook/.m2/repository/net/bytebuddy/byte-buddy/1.15.10/byte-buddy-1.15.10.jar:/Users/jeseungwook/.m2/repository/org/awaitility/awaitility/4.2.2/awaitility-4.2.2.jar:/Users/jeseungwook/.m2/repository/org/hamcrest/hamcrest/2.2/hamcrest-2.2.jar:/Users/jeseungwook/.m2/repository/org/junit/jupiter/junit-jupiter/5.11.3/junit-jupiter-5.11.3.jar:/Users/jeseungwook/.m2/repository/org/junit/jupiter/junit-jupiter-api/5.11.3/junit-jupiter-api-5.11.3.jar:/Users/jeseungwook/.m2/repository/org/opentest4j/opentest4j/1.3.0/opentest4j-1.3.0.jar:/Users/jeseungwook/.m2/repository/org/junit/platform/junit-platform-commons/1.11.3/junit-platform-commons-1.11.3.jar:/Users/jeseungwook/.m2/repository/org/apiguardian/apiguardian-api/1.1.2/apiguardian-api-1.1.2.jar:/Users/jeseungwook/.m2/repository/org/junit/jupiter/junit-jupiter-params/5.11.3/junit-jupiter-params-5.11.3.jar:/Users/jeseungwook/.m2/repository/org/junit/jupiter/junit-jupiter-engine/5.11.3/junit-jupiter-engine-5.11.3.jar:/Users/jeseungwook/.m2/repository/org/junit/platform/junit-platform-engine/1.11.3/junit-platform-engine-1.11.3.jar:/Users/jeseungwook/.m2/repository/org/mockito/mockito-core/5.14.2/mockito-core-5.14.2.jar:/Users/jeseungwook/.m2/repository/net/bytebuddy/byte-buddy-agent/1.15.10/byte-buddy-agent-1.15.10.jar:/Users/jeseungwook/.m2/repository/org/objenesis/objenesis/3.3/objenesis-3.3.jar:/Users/jeseungwook/.m2/repository/org/mockito/mockito-junit-jupiter/5.14.2/mockito-junit-jupiter-5.14.2.jar:/Users/jeseungwook/.m2/repository/org/skyscreamer/jsonassert/1.5.3/jsonassert-1.5.3.jar:/Users/jeseungwook/.m2/repository/com/vaadin/external/google/android-json/0.0.20131108.vaadin1/android-json-0.0.20131108.vaadin1.jar:/Users/jeseungwook/.m2/repository/org/springframework/spring-core/6.2.0/spring-core-6.2.0.jar:/Users/jeseungwook/.m2/repository/org/springframework/spring-jcl/6.2.0/spring-jcl-6.2.0.jar:/Users/jeseungwook/.m2/repository/org/springframework/spring-test/6.2.0/spring-test-6.2.0.jar:/Users/jeseungwook/.m2/repository/org/xmlunit/xmlunit-core/2.10.0/xmlunit-core-2.10.0.jar:/Users/jeseungwook/.m2/repository/org/springframework/security/spring-security-test/6.4.1/spring-security-test-6.4.1.jar:/Users/jeseungwook/.m2/repository/org/springframework/boot/spring-boot-starter-web/3.4.0/spring-boot-starter-web-3.4.0.jar:/Users/jeseungwook/.m2/repository/org/springframework/boot/spring-boot-starter-json/3.4.0/spring-boot-starter-json-3.4.0.jar:/Users/jeseungwook/.m2/repository/com/fasterxml/jackson/datatype/jackson-datatype-jdk8/2.18.1/jackson-datatype-jdk8-2.18.1.jar:/Users/jeseungwook/.m2/repository/com/fasterxml/jackson/datatype/jackson-datatype-jsr310/2.18.1/jackson-datatype-jsr310-2.18.1.jar:/Users/jeseungwook/.m2/repository/com/fasterxml/jackson/module/jackson-module-parameter-names/2.18.1/jackson-module-parameter-names-2.18.1.jar:/Users/jeseungwook/.m2/repository/org/springframework/boot/spring-boot-starter-tomcat/3.4.0/spring-boot-starter-tomcat-3.4.0.jar:/Users/jeseungwook/.m2/repository/org/apache/tomcat/embed/tomcat-embed-core/10.1.33/tomcat-embed-core-10.1.33.jar:/Users/jeseungwook/.m2/repository/org/apache/tomcat/embed/tomcat-embed-websocket/10.1.33/tomcat-embed-websocket-10.1.33.jar:/Users/jeseungwook/.m2/repository/org/springframework/spring-web/6.2.0/spring-web-6.2.0.jar:/Users/jeseungwook/.m2/repository/org/springframework/spring-webmvc/6.2.0/spring-webmvc-6.2.0.jar:/Users/jeseungwook/.m2/repository/org/springframework/boot/spring-boot-starter-data-jpa/3.4.0/spring-boot-starter-data-jpa-3.4.0.jar:/Users/jeseungwook/.m2/repository/org/springframework/boot/spring-boot-starter-jdbc/3.4.0/spring-boot-starter-jdbc-3.4.0.jar:/Users/jeseungwook/.m2/repository/com/zaxxer/HikariCP/5.1.0/HikariCP-5.1.0.jar:/Users/jeseungwook/.m2/repository/org/springframework/spring-jdbc/6.2.0/spring-jdbc-6.2.0.jar:/Users/jeseungwook/.m2/repository/org/hibernate/orm/hibernate-core/6.6.2.Final/hibernate-core-6.6.2.Final.jar:/Users/jeseungwook/.m2/repository/jakarta/persistence/jakarta.persistence-api/3.1.0/jakarta.persistence-api-3.1.0.jar:/Users/jeseungwook/.m2/repository/jakarta/transaction/jakarta.transaction-api/2.0.1/jakarta.transaction-api-2.0.1.jar:/Users/jeseungwook/.m2/repository/org/hibernate/common/hibernate-commons-annotations/7.0.3.Final/hibernate-commons-annotations-7.0.3.Final.jar:/Users/jeseungwook/.m2/repository/io/smallrye/jandex/3.2.0/jandex-3.2.0.jar:/Users/jeseungwook/.m2/repository/org/glassfish/jaxb/jaxb-runtime/4.0.5/jaxb-runtime-4.0.5.jar:/Users/jeseungwook/.m2/repository/org/glassfish/jaxb/jaxb-core/4.0.5/jaxb-core-4.0.5.jar:/Users/jeseungwook/.m2/repository/org/eclipse/angus/angus-activation/2.0.2/angus-activation-2.0.2.jar:/Users/jeseungwook/.m2/repository/org/glassfish/jaxb/txw2/4.0.5/txw2-4.0.5.jar:/Users/jeseungwook/.m2/repository/com/sun/istack/istack-commons-runtime/4.1.2/istack-commons-runtime-4.1.2.jar:/Users/jeseungwook/.m2/repository/jakarta/inject/jakarta.inject-api/2.0.1/jakarta.inject-api-2.0.1.jar:/Users/jeseungwook/.m2/repository/org/antlr/antlr4-runtime/4.13.0/antlr4-runtime-4.13.0.jar:/Users/jeseungwook/.m2/repository/org/springframework/data/spring-data-jpa/3.4.0/spring-data-jpa-3.4.0.jar:/Users/jeseungwook/.m2/repository/org/springframework/data/spring-data-commons/3.4.0/spring-data-commons-3.4.0.jar:/Users/jeseungwook/.m2/repository/org/springframework/spring-orm/6.2.0/spring-orm-6.2.0.jar:/Users/jeseungwook/.m2/repository/org/springframework/spring-tx/6.2.0/spring-tx-6.2.0.jar:/Users/jeseungwook/.m2/repository/org/springframework/spring-aspects/6.2.0/spring-aspects-6.2.0.jar:/Users/jeseungwook/.m2/repository/org/aspectj/aspectjweaver/1.9.22.1/aspectjweaver-1.9.22.1.jar:/Users/jeseungwook/.m2/repository/io/jsonwebtoken/jjwt-jackson/0.11.5/jjwt-jackson-0.11.5.jar:/Users/jeseungwook/.m2/repository/io/jsonwebtoken/jjwt-api/0.11.5/jjwt-api-0.11.5.jar:/Users/jeseungwook/.m2/repository/com/fasterxml/jackson/core/jackson-databind/2.18.1/jackson-databind-2.18.1.jar:/Users/jeseungwook/.m2/repository/com/fasterxml/jackson/core/jackson-annotations/2.18.1/jackson-annotations-2.18.1.jar:/Users/jeseungwook/.m2/repository/com/fasterxml/jackson/core/jackson-core/2.18.1/jackson-core-2.18.1.jar:"/>
    <property name="java.vm.vendor" value="Homebrew"/>
    <property name="sun.arch.data.model" value="64"/>
    <property name="java.vendor.url" value="https://github.com/Homebrew/homebrew-core/issues"/>
    <property name="user.timezone" value="Asia/Seoul"/>
    <property name="org.jboss.logging.provider" value="slf4j"/>
    <property name="os.name" value="Mac OS X"/>
    <property name="java.vm.specification.version" value="21"/>
    <property name="APPLICATION_NAME" value="account-server"/>
    <property name="sun.java.launcher" value="SUN_STANDARD"/>
    <property name="user.country" value="KR"/>
    <property name="sun.boot.library.path" value="/opt/homebrew/Cellar/openjdk@21/21.0.4/libexec/openjdk.jdk/Contents/Home/lib"/>
    <property name="sun.java.command" value="/Users/jeseungwook/Documents/wook/NHN/final/account-server/target/surefire/surefirebooter-20241212175607595_3.jar /Users/jeseungwook/Documents/wook/NHN/final/account-server/target/surefire 2024-12-12T17-56-07_546-jvmRun1 surefire-20241212175607595_1tmp surefire_0-20241212175607595_2tmp"/>
    <property name="http.nonProxyHosts" value="local|*.local|169.254/16|*.169.254/16"/>
    <property name="jdk.debug" value="release"/>
    <property name="surefire.test.class.path" value="/Users/jeseungwook/Documents/wook/NHN/final/account-server/target/test-classes:/Users/jeseungwook/Documents/wook/NHN/final/account-server/target/classes:/Users/jeseungwook/.m2/repository/org/springframework/boot/spring-boot-starter-oauth2-client/3.4.0/spring-boot-starter-oauth2-client-3.4.0.jar:/Users/jeseungwook/.m2/repository/org/springframework/boot/spring-boot-starter/3.4.0/spring-boot-starter-3.4.0.jar:/Users/jeseungwook/.m2/repository/org/springframework/boot/spring-boot-starter-logging/3.4.0/spring-boot-starter-logging-3.4.0.jar:/Users/jeseungwook/.m2/repository/ch/qos/logback/logback-classic/1.5.12/logback-classic-1.5.12.jar:/Users/jeseungwook/.m2/repository/ch/qos/logback/logback-core/1.5.12/logback-core-1.5.12.jar:/Users/jeseungwook/.m2/repository/org/apache/logging/log4j/log4j-to-slf4j/2.24.1/log4j-to-slf4j-2.24.1.jar:/Users/jeseungwook/.m2/repository/org/apache/logging/log4j/log4j-api/2.24.1/log4j-api-2.24.1.jar:/Users/jeseungwook/.m2/repository/org/slf4j/jul-to-slf4j/2.0.16/jul-to-slf4j-2.0.16.jar:/Users/jeseungwook/.m2/repository/jakarta/annotation/jakarta.annotation-api/2.1.1/jakarta.annotation-api-2.1.1.jar:/Users/jeseungwook/.m2/repository/org/yaml/snakeyaml/2.3/snakeyaml-2.3.jar:/Users/jeseungwook/.m2/repository/org/springframework/security/spring-security-config/6.4.1/spring-security-config-6.4.1.jar:/Users/jeseungwook/.m2/repository/org/springframework/spring-beans/6.2.0/spring-beans-6.2.0.jar:/Users/jeseungwook/.m2/repository/org/springframework/spring-context/6.2.0/spring-context-6.2.0.jar:/Users/jeseungwook/.m2/repository/org/springframework/security/spring-security-core/6.4.1/spring-security-core-6.4.1.jar:/Users/jeseungwook/.m2/repository/org/springframework/security/spring-security-crypto/6.4.1/spring-security-crypto-6.4.1.jar:/Users/jeseungwook/.m2/repository/org/springframework/spring-expression/6.2.0/spring-expression-6.2.0.jar:/Users/jeseungwook/.m2/repository/io/micrometer/micrometer-observation/1.14.1/micrometer-observation-1.14.1.jar:/Users/jeseungwook/.m2/repository/io/micrometer/micrometer-commons/1.14.1/micrometer-commons-1.14.1.jar:/Users/jeseungwook/.m2/repository/org/springframework/security/spring-security-oauth2-client/6.4.1/spring-security-oauth2-client-6.4.1.jar:/Users/jeseungwook/.m2/repository/org/springframework/security/spring-security-oauth2-core/6.4.1/spring-security-oauth2-core-6.4.1.jar:/Users/jeseungwook/.m2/repository/com/nimbusds/oauth2-oidc-sdk/9.43.4/oauth2-oidc-sdk-9.43.4.jar:/Users/jeseungwook/.m2/repository/com/github/stephenc/jcip/jcip-annotations/1.0-1/jcip-annotations-1.0-1.jar:/Users/jeseungwook/.m2/repository/com/nimbusds/content-type/2.2/content-type-2.2.jar:/Users/jeseungwook/.m2/repository/com/nimbusds/lang-tag/1.7/lang-tag-1.7.jar:/Users/jeseungwook/.m2/repository/org/springframework/security/spring-security-oauth2-jose/6.4.1/spring-security-oauth2-jose-6.4.1.jar:/Users/jeseungwook/.m2/repository/com/nimbusds/nimbus-jose-jwt/9.37.3/nimbus-jose-jwt-9.37.3.jar:/Users/jeseungwook/.m2/repository/org/springframework/boot/spring-boot-starter-security/3.4.0/spring-boot-starter-security-3.4.0.jar:/Users/jeseungwook/.m2/repository/org/springframework/spring-aop/6.2.0/spring-aop-6.2.0.jar:/Users/jeseungwook/.m2/repository/org/springframework/security/spring-security-web/6.4.1/spring-security-web-6.4.1.jar:/Users/jeseungwook/.m2/repository/org/springframework/boot/spring-boot-starter-validation/3.4.0/spring-boot-starter-validation-3.4.0.jar:/Users/jeseungwook/.m2/repository/org/apache/tomcat/embed/tomcat-embed-el/10.1.33/tomcat-embed-el-10.1.33.jar:/Users/jeseungwook/.m2/repository/org/hibernate/validator/hibernate-validator/8.0.1.Final/hibernate-validator-8.0.1.Final.jar:/Users/jeseungwook/.m2/repository/jakarta/validation/jakarta.validation-api/3.0.2/jakarta.validation-api-3.0.2.jar:/Users/jeseungwook/.m2/repository/org/jboss/logging/jboss-logging/3.6.1.Final/jboss-logging-3.6.1.Final.jar:/Users/jeseungwook/.m2/repository/com/fasterxml/classmate/1.7.0/classmate-1.7.0.jar:/Users/jeseungwook/.m2/repository/org/springframework/boot/spring-boot-devtools/3.4.0/spring-boot-devtools-3.4.0.jar:/Users/jeseungwook/.m2/repository/org/springframework/boot/spring-boot/3.4.0/spring-boot-3.4.0.jar:/Users/jeseungwook/.m2/repository/org/springframework/boot/spring-boot-autoconfigure/3.4.0/spring-boot-autoconfigure-3.4.0.jar:/Users/jeseungwook/.m2/repository/com/h2database/h2/2.3.232/h2-2.3.232.jar:/Users/jeseungwook/.m2/repository/org/projectlombok/lombok/1.18.36/lombok-1.18.36.jar:/Users/jeseungwook/.m2/repository/org/springframework/boot/spring-boot-starter-test/3.4.0/spring-boot-starter-test-3.4.0.jar:/Users/jeseungwook/.m2/repository/org/springframework/boot/spring-boot-test/3.4.0/spring-boot-test-3.4.0.jar:/Users/jeseungwook/.m2/repository/org/springframework/boot/spring-boot-test-autoconfigure/3.4.0/spring-boot-test-autoconfigure-3.4.0.jar:/Users/jeseungwook/.m2/repository/com/jayway/jsonpath/json-path/2.9.0/json-path-2.9.0.jar:/Users/jeseungwook/.m2/repository/org/slf4j/slf4j-api/2.0.16/slf4j-api-2.0.16.jar:/Users/jeseungwook/.m2/repository/jakarta/xml/bind/jakarta.xml.bind-api/4.0.2/jakarta.xml.bind-api-4.0.2.jar:/Users/jeseungwook/.m2/repository/jakarta/activation/jakarta.activation-api/2.1.3/jakarta.activation-api-2.1.3.jar:/Users/jeseungwook/.m2/repository/net/minidev/json-smart/2.5.1/json-smart-2.5.1.jar:/Users/jeseungwook/.m2/repository/net/minidev/accessors-smart/2.5.1/accessors-smart-2.5.1.jar:/Users/jeseungwook/.m2/repository/org/ow2/asm/asm/9.6/asm-9.6.jar:/Users/jeseungwook/.m2/repository/org/assertj/assertj-core/3.26.3/assertj-core-3.26.3.jar:/Users/jeseungwook/.m2/repository/net/bytebuddy/byte-buddy/1.15.10/byte-buddy-1.15.10.jar:/Users/jeseungwook/.m2/repository/org/awaitility/awaitility/4.2.2/awaitility-4.2.2.jar:/Users/jeseungwook/.m2/repository/org/hamcrest/hamcrest/2.2/hamcrest-2.2.jar:/Users/jeseungwook/.m2/repository/org/junit/jupiter/junit-jupiter/5.11.3/junit-jupiter-5.11.3.jar:/Users/jeseungwook/.m2/repository/org/junit/jupiter/junit-jupiter-api/5.11.3/junit-jupiter-api-5.11.3.jar:/Users/jeseungwook/.m2/repository/org/opentest4j/opentest4j/1.3.0/opentest4j-1.3.0.jar:/Users/jeseungwook/.m2/repository/org/junit/platform/junit-platform-commons/1.11.3/junit-platform-commons-1.11.3.jar:/Users/jeseungwook/.m2/repository/org/apiguardian/apiguardian-api/1.1.2/apiguardian-api-1.1.2.jar:/Users/jeseungwook/.m2/repository/org/junit/jupiter/junit-jupiter-params/5.11.3/junit-jupiter-params-5.11.3.jar:/Users/jeseungwook/.m2/repository/org/junit/jupiter/junit-jupiter-engine/5.11.3/junit-jupiter-engine-5.11.3.jar:/Users/jeseungwook/.m2/repository/org/junit/platform/junit-platform-engine/1.11.3/junit-platform-engine-1.11.3.jar:/Users/jeseungwook/.m2/repository/org/mockito/mockito-core/5.14.2/mockito-core-5.14.2.jar:/Users/jeseungwook/.m2/repository/net/bytebuddy/byte-buddy-agent/1.15.10/byte-buddy-agent-1.15.10.jar:/Users/jeseungwook/.m2/repository/org/objenesis/objenesis/3.3/objenesis-3.3.jar:/Users/jeseungwook/.m2/repository/org/mockito/mockito-junit-jupiter/5.14.2/mockito-junit-jupiter-5.14.2.jar:/Users/jeseungwook/.m2/repository/org/skyscreamer/jsonassert/1.5.3/jsonassert-1.5.3.jar:/Users/jeseungwook/.m2/repository/com/vaadin/external/google/android-json/0.0.20131108.vaadin1/android-json-0.0.20131108.vaadin1.jar:/Users/jeseungwook/.m2/repository/org/springframework/spring-core/6.2.0/spring-core-6.2.0.jar:/Users/jeseungwook/.m2/repository/org/springframework/spring-jcl/6.2.0/spring-jcl-6.2.0.jar:/Users/jeseungwook/.m2/repository/org/springframework/spring-test/6.2.0/spring-test-6.2.0.jar:/Users/jeseungwook/.m2/repository/org/xmlunit/xmlunit-core/2.10.0/xmlunit-core-2.10.0.jar:/Users/jeseungwook/.m2/repository/org/springframework/security/spring-security-test/6.4.1/spring-security-test-6.4.1.jar:/Users/jeseungwook/.m2/repository/org/springframework/boot/spring-boot-starter-web/3.4.0/spring-boot-starter-web-3.4.0.jar:/Users/jeseungwook/.m2/repository/org/springframework/boot/spring-boot-starter-json/3.4.0/spring-boot-starter-json-3.4.0.jar:/Users/jeseungwook/.m2/repository/com/fasterxml/jackson/datatype/jackson-datatype-jdk8/2.18.1/jackson-datatype-jdk8-2.18.1.jar:/Users/jeseungwook/.m2/repository/com/fasterxml/jackson/datatype/jackson-datatype-jsr310/2.18.1/jackson-datatype-jsr310-2.18.1.jar:/Users/jeseungwook/.m2/repository/com/fasterxml/jackson/module/jackson-module-parameter-names/2.18.1/jackson-module-parameter-names-2.18.1.jar:/Users/jeseungwook/.m2/repository/org/springframework/boot/spring-boot-starter-tomcat/3.4.0/spring-boot-starter-tomcat-3.4.0.jar:/Users/jeseungwook/.m2/repository/org/apache/tomcat/embed/tomcat-embed-core/10.1.33/tomcat-embed-core-10.1.33.jar:/Users/jeseungwook/.m2/repository/org/apache/tomcat/embed/tomcat-embed-websocket/10.1.33/tomcat-embed-websocket-10.1.33.jar:/Users/jeseungwook/.m2/repository/org/springframework/spring-web/6.2.0/spring-web-6.2.0.jar:/Users/jeseungwook/.m2/repository/org/springframework/spring-webmvc/6.2.0/spring-webmvc-6.2.0.jar:/Users/jeseungwook/.m2/repository/org/springframework/boot/spring-boot-starter-data-jpa/3.4.0/spring-boot-starter-data-jpa-3.4.0.jar:/Users/jeseungwook/.m2/repository/org/springframework/boot/spring-boot-starter-jdbc/3.4.0/spring-boot-starter-jdbc-3.4.0.jar:/Users/jeseungwook/.m2/repository/com/zaxxer/HikariCP/5.1.0/HikariCP-5.1.0.jar:/Users/jeseungwook/.m2/repository/org/springframework/spring-jdbc/6.2.0/spring-jdbc-6.2.0.jar:/Users/jeseungwook/.m2/repository/org/hibernate/orm/hibernate-core/6.6.2.Final/hibernate-core-6.6.2.Final.jar:/Users/jeseungwook/.m2/repository/jakarta/persistence/jakarta.persistence-api/3.1.0/jakarta.persistence-api-3.1.0.jar:/Users/jeseungwook/.m2/repository/jakarta/transaction/jakarta.transaction-api/2.0.1/jakarta.transaction-api-2.0.1.jar:/Users/jeseungwook/.m2/repository/org/hibernate/common/hibernate-commons-annotations/7.0.3.Final/hibernate-commons-annotations-7.0.3.Final.jar:/Users/jeseungwook/.m2/repository/io/smallrye/jandex/3.2.0/jandex-3.2.0.jar:/Users/jeseungwook/.m2/repository/org/glassfish/jaxb/jaxb-runtime/4.0.5/jaxb-runtime-4.0.5.jar:/Users/jeseungwook/.m2/repository/org/glassfish/jaxb/jaxb-core/4.0.5/jaxb-core-4.0.5.jar:/Users/jeseungwook/.m2/repository/org/eclipse/angus/angus-activation/2.0.2/angus-activation-2.0.2.jar:/Users/jeseungwook/.m2/repository/org/glassfish/jaxb/txw2/4.0.5/txw2-4.0.5.jar:/Users/jeseungwook/.m2/repository/com/sun/istack/istack-commons-runtime/4.1.2/istack-commons-runtime-4.1.2.jar:/Users/jeseungwook/.m2/repository/jakarta/inject/jakarta.inject-api/2.0.1/jakarta.inject-api-2.0.1.jar:/Users/jeseungwook/.m2/repository/org/antlr/antlr4-runtime/4.13.0/antlr4-runtime-4.13.0.jar:/Users/jeseungwook/.m2/repository/org/springframework/data/spring-data-jpa/3.4.0/spring-data-jpa-3.4.0.jar:/Users/jeseungwook/.m2/repository/org/springframework/data/spring-data-commons/3.4.0/spring-data-commons-3.4.0.jar:/Users/jeseungwook/.m2/repository/org/springframework/spring-orm/6.2.0/spring-orm-6.2.0.jar:/Users/jeseungwook/.m2/repository/org/springframework/spring-tx/6.2.0/spring-tx-6.2.0.jar:/Users/jeseungwook/.m2/repository/org/springframework/spring-aspects/6.2.0/spring-aspects-6.2.0.jar:/Users/jeseungwook/.m2/repository/org/aspectj/aspectjweaver/1.9.22.1/aspectjweaver-1.9.22.1.jar:/Users/jeseungwook/.m2/repository/io/jsonwebtoken/jjwt-jackson/0.11.5/jjwt-jackson-0.11.5.jar:/Users/jeseungwook/.m2/repository/io/jsonwebtoken/jjwt-api/0.11.5/jjwt-api-0.11.5.jar:/Users/jeseungwook/.m2/repository/com/fasterxml/jackson/core/jackson-databind/2.18.1/jackson-databind-2.18.1.jar:/Users/jeseungwook/.m2/repository/com/fasterxml/jackson/core/jackson-annotations/2.18.1/jackson-annotations-2.18.1.jar:/Users/jeseungwook/.m2/repository/com/fasterxml/jackson/core/jackson-core/2.18.1/jackson-core-2.18.1.jar:"/>
    <property name="sun.cpu.endian" value="little"/>
    <property name="user.home" value="/Users/jeseungwook"/>
    <property name="user.language" value="ko"/>
    <property name="java.specification.vendor" value="Oracle Corporation"/>
    <property name="java.version.date" value="2024-07-16"/>
    <property name="java.home" value="/opt/homebrew/Cellar/openjdk@21/21.0.4/libexec/openjdk.jdk/Contents/Home"/>
    <property name="file.separator" value="/"/>
    <property name="basedir" value="/Users/jeseungwook/Documents/wook/NHN/final/account-server"/>
    <property name="java.vm.compressedOopsMode" value="Zero based"/>
    <property name="line.separator" value="&#10;"/>
    <property name="java.vm.specification.vendor" value="Oracle Corporation"/>
    <property name="java.specification.name" value="Java Platform API Specification"/>
    <property name="FILE_LOG_CHARSET" value="UTF-8"/>
    <property name="java.awt.headless" value="true"/>
    <property name="apple.awt.application.name" value="ForkedBooter"/>
    <property name="surefire.real.class.path" value="/Users/jeseungwook/Documents/wook/NHN/final/account-server/target/surefire/surefirebooter-20241212175607595_3.jar"/>
    <property name="sun.management.compiler" value="HotSpot 64-Bit Tiered Compilers"/>
    <property name="ftp.nonProxyHosts" value="local|*.local|169.254/16|*.169.254/16"/>
    <property name="java.runtime.version" value="21.0.4"/>
    <property name="user.name" value="jeseungwook"/>
    <property name="stdout.encoding" value="UTF-8"/>
    <property name="path.separator" value=":"/>
    <property name="os.version" value="14.2.1"/>
    <property name="java.runtime.name" value="OpenJDK Runtime Environment"/>
    <property name="file.encoding" value="UTF-8"/>
    <property name="java.vm.name" value="OpenJDK 64-Bit Server VM"/>
    <property name="java.vendor.version" value="Homebrew"/>
    <property name="localRepository" value="/Users/jeseungwook/.m2/repository"/>
    <property name="java.vendor.url.bug" value="https://github.com/Homebrew/homebrew-core/issues"/>
    <property name="java.io.tmpdir" value="/var/folders/dk/4sdlkt711zz59xmsq0gn609m0000gn/T/"/>
    <property name="com.zaxxer.hikari.pool_number" value="1"/>
    <property name="java.version" value="21.0.4"/>
    <property name="user.dir" value="/Users/jeseungwook/Documents/wook/NHN/final/account-server"/>
    <property name="os.arch" value="aarch64"/>
    <property name="java.vm.specification.name" value="Java Virtual Machine Specification"/>
    <property name="PID" value="69071"/>
    <property name="CONSOLE_LOG_CHARSET" value="UTF-8"/>
    <property name="native.encoding" value="UTF-8"/>
    <property name="java.library.path" value="/Users/jeseungwook/Library/Java/Extensions:/Library/Java/Extensions:/Network/Library/Java/Extensions:/System/Library/Java/Extensions:/usr/lib/java:."/>
    <property name="java.vm.info" value="mixed mode, sharing"/>
    <property name="stderr.encoding" value="UTF-8"/>
    <property name="java.vendor" value="Homebrew"/>
    <property name="java.vm.version" value="21.0.4"/>
    <property name="sun.io.unicode.encoding" value="UnicodeBig"/>
    <property name="socksNonProxyHosts" value="local|*.local|169.254/16|*.169.254/16"/>
    <property name="java.class.version" value="65.0"/>
    <property name="LOGGED_APPLICATION_NAME" value="[account-server] "/>
  </properties>
  <testcase name="contextLoads" classname="com.simsimbookstore.accountserver.AccountServerApplicationTests" time="0.302">
    <system-out><![CDATA[17:56:08.020 [main] INFO org.springframework.test.context.support.AnnotationConfigContextLoaderUtils -- Could not detect default configuration classes for test class [com.simsimbookstore.accountserver.AccountServerApplicationTests]: AccountServerApplicationTests does not declare any static, non-private, non-final, nested classes annotated with @Configuration.
17:56:08.069 [main] INFO org.springframework.boot.test.context.SpringBootTestContextBootstrapper -- Found @SpringBootConfiguration com.simsimbookstore.accountserver.AccountServerApplication for test class com.simsimbookstore.accountserver.AccountServerApplicationTests
17:56:08.152 [main] INFO org.springframework.boot.devtools.restart.RestartApplicationListener -- Restart disabled due to context in which it is running

  .   ____          _            __ _ _
 /\\ / ___'_ __ _ _(_)_ __  __ _ \ \ \ \
( ( )\___ | '_ | '_| | '_ \/ _` | \ \ \ \
 \\/  ___)| |_)| | | | | || (_| |  ) ) ) )
  '  |____| .__|_| |_|_| |_\__, | / / / /
 =========|_|==============|___/=/_/_/_/

 :: Spring Boot ::                (v3.4.0)

2024-12-12T17:56:08.278+09:00  INFO 69071 --- [account-server] [           main] c.s.a.AccountServerApplicationTests      : Starting AccountServerApplicationTests using Java 21.0.4 with PID 69071 (started by jeseungwook in /Users/jeseungwook/Documents/wook/NHN/final/account-server)
2024-12-12T17:56:08.278+09:00  INFO 69071 --- [account-server] [           main] c.s.a.AccountServerApplicationTests      : No active profile set, falling back to 1 default profile: "default"
2024-12-12T17:56:08.301+09:00 DEBUG 69071 --- [account-server] [           main] o.s.w.c.s.GenericWebApplicationContext   : Refreshing org.springframework.web.context.support.GenericWebApplicationContext@ec2bf82
2024-12-12T17:56:08.653+09:00  INFO 69071 --- [account-server] [           main] .s.d.r.c.RepositoryConfigurationDelegate : Bootstrapping Spring Data JPA repositories in DEFAULT mode.
2024-12-12T17:56:08.684+09:00  INFO 69071 --- [account-server] [           main] .s.d.r.c.RepositoryConfigurationDelegate : Finished Spring Data repository scanning in 26 ms. Found 3 JPA repository interfaces.
2024-12-12T17:56:08.925+09:00  INFO 69071 --- [account-server] [           main] o.hibernate.jpa.internal.util.LogHelper  : HHH000204: Processing PersistenceUnitInfo [name: default]
2024-12-12T17:56:08.963+09:00  INFO 69071 --- [account-server] [           main] org.hibernate.Version                    : HHH000412: Hibernate ORM core version 6.6.2.Final
2024-12-12T17:56:08.977+09:00  INFO 69071 --- [account-server] [           main] o.h.c.internal.RegionFactoryInitiator    : HHH000026: Second-level cache disabled
2024-12-12T17:56:09.104+09:00  INFO 69071 --- [account-server] [           main] o.s.o.j.p.SpringPersistenceUnitInfo      : No LoadTimeWeaver setup: ignoring JPA class transformer
2024-12-12T17:56:09.118+09:00  INFO 69071 --- [account-server] [           main] com.zaxxer.hikari.HikariDataSource       : HikariPool-1 - Starting...
2024-12-12T17:56:09.200+09:00  INFO 69071 --- [account-server] [           main] com.zaxxer.hikari.pool.HikariPool        : HikariPool-1 - Added connection conn0: url=jdbc:h2:mem:testdb user=SA
2024-12-12T17:56:09.201+09:00  INFO 69071 --- [account-server] [           main] com.zaxxer.hikari.HikariDataSource       : HikariPool-1 - Start completed.
2024-12-12T17:56:09.214+09:00  WARN 69071 --- [account-server] [           main] org.hibernate.orm.deprecation            : HHH90000025: H2Dialect does not need to be specified explicitly using 'hibernate.dialect' (remove the property setting and it will be selected by default)
2024-12-12T17:56:09.226+09:00  INFO 69071 --- [account-server] [           main] org.hibernate.orm.connections.pooling    : HHH10001005: Database info:
	Database JDBC URL [Connecting through datasource 'HikariDataSource (HikariPool-1)']
	Database driver: undefined/unknown
	Database version: 2.3.232
	Autocommit mode: undefined/unknown
	Isolation level: undefined/unknown
	Minimum pool size: undefined/unknown
	Maximum pool size: undefined/unknown
2024-12-12T17:56:09.730+09:00  INFO 69071 --- [account-server] [           main] o.h.e.t.j.p.i.JtaPlatformInitiator       : HHH000489: No JTA platform available (set 'hibernate.transaction.jta.platform' to enable JTA platform integration)
2024-12-12T17:56:09.736+09:00 DEBUG 69071 --- [account-server] [           main] org.hibernate.SQL                        : 
    drop table if exists addresses cascade 
Hibernate: 
    drop table if exists addresses cascade 
2024-12-12T17:56:09.738+09:00 DEBUG 69071 --- [account-server] [           main] org.hibernate.SQL                        : 
    drop table if exists local_users cascade 
Hibernate: 
    drop table if exists local_users cascade 
2024-12-12T17:56:09.738+09:00 DEBUG 69071 --- [account-server] [           main] org.hibernate.SQL                        : 
    drop table if exists oauth_users cascade 
Hibernate: 
    drop table if exists oauth_users cascade 
2024-12-12T17:56:09.738+09:00 DEBUG 69071 --- [account-server] [           main] org.hibernate.SQL                        : 
    drop table if exists user_grades cascade 
Hibernate: 
    drop table if exists user_grades cascade 
2024-12-12T17:56:09.738+09:00 DEBUG 69071 --- [account-server] [           main] org.hibernate.SQL                        : 
    drop table if exists user_roles cascade 
Hibernate: 
    drop table if exists user_roles cascade 
2024-12-12T17:56:09.738+09:00 DEBUG 69071 --- [account-server] [           main] org.hibernate.SQL                        : 
    drop table if exists users cascade 
Hibernate: 
    drop table if exists users cascade 
2024-12-12T17:56:09.741+09:00 DEBUG 69071 --- [account-server] [           main] org.hibernate.SQL                        : 
    create table addresses (
        address_id bigint generated by default as identity,
        user_id bigint not null,
        detailed_address varchar(255) not null,
        lot_address varchar(255) not null,
        name varchar(255) not null,
        postal_code varchar(255) not null,
        reference varchar(255),
        road_address varchar(255) not null,
        primary key (address_id)
    )
Hibernate: 
    create table addresses (
        address_id bigint generated by default as identity,
        user_id bigint not null,
        detailed_address varchar(255) not null,
        lot_address varchar(255) not null,
        name varchar(255) not null,
        postal_code varchar(255) not null,
        reference varchar(255),
        road_address varchar(255) not null,
        primary key (address_id)
    )
2024-12-12T17:56:09.746+09:00 DEBUG 69071 --- [account-server] [           main] org.hibernate.SQL                        : 
    create table local_users (
        local_user_id bigint generated by default as identity,
        user_id bigint not null,
        login_id varchar(255) not null,
        password varchar(255) not null,
        primary key (local_user_id)
    )
Hibernate: 
    create table local_users (
        local_user_id bigint generated by default as identity,
        user_id bigint not null,
        login_id varchar(255) not null,
        password varchar(255) not null,
        primary key (local_user_id)
    )
2024-12-12T17:56:09.747+09:00 DEBUG 69071 --- [account-server] [           main] org.hibernate.SQL                        : 
    create table oauth_users (
        oauth_user_id bigint generated by default as identity,
        user_id bigint not null unique,
        oauth_id varchar(255) not null unique,
        primary key (oauth_user_id)
    )
Hibernate: 
    create table oauth_users (
        oauth_user_id bigint generated by default as identity,
        user_id bigint not null unique,
        oauth_id varchar(255) not null unique,
        primary key (oauth_user_id)
    )
2024-12-12T17:56:09.749+09:00 DEBUG 69071 --- [account-server] [           main] org.hibernate.SQL                        : 
    create table user_grades (
        point_rate numeric(38,2) not null,
        grade_id bigint generated by default as identity,
        max_amount bigint,
        min_amount bigint not null,
        tier enum ('GOLD','PLATINUM','ROYAL','STANDARD') not null,
        primary key (grade_id)
    )
Hibernate: 
    create table user_grades (
        point_rate numeric(38,2) not null,
        grade_id bigint generated by default as identity,
        max_amount bigint,
        min_amount bigint not null,
        tier enum ('GOLD','PLATINUM','ROYAL','STANDARD') not null,
        primary key (grade_id)
    )
2024-12-12T17:56:09.750+09:00 DEBUG 69071 --- [account-server] [           main] org.hibernate.SQL                        : 
    create table user_roles (
        role_id bigint generated by default as identity,
        role_name enum ('ADMIN','USER') not null,
        primary key (role_id)
    )
Hibernate: 
    create table user_roles (
        role_id bigint generated by default as identity,
        role_name enum ('ADMIN','USER') not null,
        primary key (role_id)
    )
2024-12-12T17:56:09.750+09:00 DEBUG 69071 --- [account-server] [           main] org.hibernate.SQL                        : 
    create table users (
        birthday timestamp(6) not null,
        created_at timestamp(6) not null,
        grade_id bigint not null,
        latest_login_date timestamp(6),
        role_id bigint not null,
        user_id bigint generated by default as identity,
        email varchar(255) not null unique,
        mobile_number varchar(255) not null unique,
        name varchar(255) not null,
        gender enum ('FEMALE','MALE') not null,
        state enum ('ACTIVE','INACTIVE','SLEEP') not null,
        primary key (user_id)
    )
Hibernate: 
    create table users (
        birthday timestamp(6) not null,
        created_at timestamp(6) not null,
        grade_id bigint not null,
        latest_login_date timestamp(6),
        role_id bigint not null,
        user_id bigint generated by default as identity,
        email varchar(255) not null unique,
        mobile_number varchar(255) not null unique,
        name varchar(255) not null,
        gender enum ('FEMALE','MALE') not null,
        state enum ('ACTIVE','INACTIVE','SLEEP') not null,
        primary key (user_id)
    )
2024-12-12T17:56:09.751+09:00 DEBUG 69071 --- [account-server] [           main] org.hibernate.SQL                        : 
    alter table if exists addresses 
       add constraint FK1fa36y2oqhao3wgg2rw1pi459 
       foreign key (user_id) 
       references users
Hibernate: 
    alter table if exists addresses 
       add constraint FK1fa36y2oqhao3wgg2rw1pi459 
       foreign key (user_id) 
       references users
2024-12-12T17:56:09.758+09:00 DEBUG 69071 --- [account-server] [           main] org.hibernate.SQL                        : 
    alter table if exists oauth_users 
       add constraint FKt01p8y1gshfk25bcsdmqp0h1e 
       foreign key (user_id) 
       references users
Hibernate: 
    alter table if exists oauth_users 
       add constraint FKt01p8y1gshfk25bcsdmqp0h1e 
       foreign key (user_id) 
       references users
2024-12-12T17:56:09.759+09:00 DEBUG 69071 --- [account-server] [           main] org.hibernate.SQL                        : INSERT INTO user_roles (role_name) values ('user'), ('admin')
Hibernate: INSERT INTO user_roles (role_name) values ('user'), ('admin')
2024-12-12T17:56:09.760+09:00 DEBUG 69071 --- [account-server] [           main] org.hibernate.SQL                        : INSERT INTO user_grades (tier, min_amount, max_amount, point_rate) values ('STANDARD', 0,100000,0.01),('ROYAL', 100000, 200000, 0.02),('GOLD', 200000, 300000, 0.025),('PLATINUM', 300000, null, 0.03)
Hibernate: INSERT INTO user_grades (tier, min_amount, max_amount, point_rate) values ('STANDARD', 0,100000,0.01),('ROYAL', 100000, 200000, 0.02),('GOLD', 200000, 300000, 0.025),('PLATINUM', 300000, null, 0.03)
2024-12-12T17:56:09.761+09:00  INFO 69071 --- [account-server] [           main] j.LocalContainerEntityManagerFactoryBean : Initialized JPA EntityManagerFactory for persistence unit 'default'
2024-12-12T17:56:09.804+09:00  WARN 69071 --- [account-server] [           main] JpaBaseConfiguration$JpaWebConfiguration : spring.jpa.open-in-view is enabled by default. Therefore, database queries may be performed during view rendering. Explicitly configure spring.jpa.open-in-view to disable this warning
2024-12-12T17:56:09.823+09:00  INFO 69071 --- [account-server] [           main] r$InitializeUserDetailsManagerConfigurer : Global AuthenticationManager configured with UserDetailsService bean with name customUserDetailsService
2024-12-12T17:56:10.019+09:00 DEBUG 69071 --- [account-server] [           main] o.s.s.web.DefaultSecurityFilterChain     : Will secure any request with filters: DisableEncodeUrlFilter, WebAsyncManagerIntegrationFilter, SecurityContextHolderFilter, HeaderWriterFilter, LogoutFilter, JwtAuthenticationFilter, BasicAuthenticationFilter, RequestCacheAwareFilter, SecurityContextHolderAwareRequestFilter, AnonymousAuthenticationFilter, ExceptionTranslationFilter, AuthorizationFilter
2024-12-12T17:56:10.115+09:00 DEBUG 69071 --- [account-server] [           main] s.w.s.m.m.a.RequestMappingHandlerMapping : 4 mappings in 'requestMappingHandlerMapping'
2024-12-12T17:56:10.168+09:00 DEBUG 69071 --- [account-server] [           main] o.s.w.s.handler.SimpleUrlHandlerMapping  : Patterns [/webjars/**, /**] in 'resourceHandlerMapping'
2024-12-12T17:56:10.183+09:00 DEBUG 69071 --- [account-server] [           main] s.w.s.m.m.a.RequestMappingHandlerAdapter : ControllerAdvice beans: 0 @ModelAttribute, 0 @InitBinder, 1 RequestBodyAdvice, 1 ResponseBodyAdvice
2024-12-12T17:56:10.205+09:00 DEBUG 69071 --- [account-server] [           main] .m.m.a.ExceptionHandlerExceptionResolver : ControllerAdvice beans: 0 @ExceptionHandler, 1 ResponseBodyAdvice
2024-12-12T17:56:10.223+09:00  INFO 69071 --- [account-server] [           main] o.s.b.a.h2.H2ConsoleAutoConfiguration    : H2 console available at '/h2-console'. Database available at 'jdbc:h2:mem:testdb'
2024-12-12T17:56:10.272+09:00  INFO 69071 --- [account-server] [           main] c.s.a.AccountServerApplicationTests      : Started AccountServerApplicationTests in 2.126 seconds (process running for 2.604)
]]></system-out>
    <system-err><![CDATA[Mockito is currently self-attaching to enable the inline-mock-maker. This will no longer work in future releases of the JDK. Please add Mockito as an agent to your build what is described in Mockito's documentation: https://javadoc.io/doc/org.mockito/mockito-core/latest/org/mockito/Mockito.html#0.3
WARNING: A Java agent has been loaded dynamically (/Users/jeseungwook/.m2/repository/net/bytebuddy/byte-buddy-agent/1.15.10/byte-buddy-agent-1.15.10.jar)
WARNING: If a serviceability tool is in use, please run with -XX:+EnableDynamicAgentLoading to hide this warning
WARNING: If a serviceability tool is not in use, please run with -Djdk.instrument.traceUsage for more information
WARNING: Dynamic loading of agents will be disallowed by default in a future release
]]></system-err>
  </testcase>
</testsuite>